<?xml version="1.0" encoding="UTF-8"?>
<!-- Generated by org.testng.reporters.JUnitReportReporter -->
<testsuite hostname="Vyshu" failures="0" tests="1" name="testCases.TC002_LoginTest" time="1.661" errors="0" timestamp="2024-06-27T20:08:59 IST" skipped="0">
  <testcase classname="testCases.TC002_LoginTest" name="VerifyLogin" time="1.661"/>
</testsuite> <!-- testCases.TC002_LoginTest -->
