<?xml version="1.0" encoding="UTF-8"?>
<!-- Generated by org.testng.reporters.JUnitReportReporter -->
<testsuite hostname="Vyshu" failures="0" tests="1" name="testCases.TC002_LoginTest" time="1.559" errors="0" timestamp="2024-07-05T18:35:32 IST" skipped="0">
  <testcase classname="testCases.TC002_LoginTest" name="VerifyLogin" time="1.559"/>
</testsuite> <!-- testCases.TC002_LoginTest -->
