<?xml version="1.0" encoding="UTF-8"?>
<!-- Generated by org.testng.reporters.JUnitReportReporter -->
<testsuite hostname="Vyshu" failures="0" tests="1" name="testCases.TC001_AccountRegistrationTest" time="19.187" errors="0" timestamp="2024-07-05T18:35:32 IST" skipped="0">
  <testcase classname="testCases.TC001_AccountRegistrationTest" name="verify_account_registration" time="19.187"/>
</testsuite> <!-- testCases.TC001_AccountRegistrationTest -->
